TN:
SF:script/Deploy.s.sol
DA:21,0
FN:21,DeployScript.setUp
FNDA:0,DeployScript.setUp
DA:23,0
FN:23,DeployScript.run
FNDA:0,DeployScript.run
DA:24,0
BRDA:24,0,0,-
BRDA:24,0,1,-
DA:25,0
BRDA:25,1,0,-
BRDA:25,1,1,-
DA:27,0
DA:29,0
DA:31,0
DA:33,0
DA:35,0
DA:37,0
DA:47,0
DA:50,0
FN:50,DeployScript._getConfig
FNDA:0,DeployScript._getConfig
DA:51,0
DA:79,0
FN:79,DeployScript._toMarkdownLink
FNDA:0,DeployScript._toMarkdownLink
DA:84,0
FNF:4
FNH:0
LF:15
LH:0
BRF:4
BRH:0
end_of_record
TN:
SF:script/DeployMainnet.s.sol
DA:9,0
FN:9,DeployMainnetScript.setUp
FNDA:0,DeployMainnetScript.setUp
DA:10,0
FNF:1
FNH:0
LF:2
LH:0
BRF:0
BRH:0
end_of_record
TN:
SF:script/DeployTestnet.s.sol
DA:9,0
FN:9,DeployTestnetScript.setUp
FNDA:0,DeployTestnetScript.setUp
DA:10,0
FNF:1
FNH:0
LF:2
LH:0
BRF:0
BRH:0
end_of_record
TN:
SF:src/Facts.sol
DA:35,63
FN:35,Facts.constructor
FNDA:63,Facts.constructor
DA:36,63
DA:37,63
DA:38,63
DA:51,53
FN:51,Facts.ask
FNDA:53,Facts.ask
DA:59,53
BRDA:59,0,0,1
BRDA:59,0,1,52
DA:60,52
BRDA:60,1,0,1
BRDA:60,1,1,51
DA:61,51
BRDA:61,2,0,51
BRDA:61,2,1,-
DA:62,51
BRDA:62,3,0,1
BRDA:62,3,1,50
DA:64,0
DA:67,50
DA:87,50
DA:93,317
FN:93,Facts.submit
FNDA:317,Facts.submit
DA:94,317
DA:95,317
BRDA:95,4,0,1
BRDA:95,4,1,316
DA:96,316
BRDA:96,5,0,1
BRDA:96,5,1,315
DA:97,315
BRDA:97,6,0,1
BRDA:97,6,1,314
DA:98,314
DA:100,314
BRDA:100,7,0,1
BRDA:100,7,1,313
DA:102,313
DA:103,313
DA:107,313
DA:113,47
FN:113,Facts.vouch
FNDA:47,Facts.vouch
DA:114,47
BRDA:114,8,0,1
BRDA:114,8,1,46
DA:115,46
BRDA:115,9,0,1
BRDA:115,9,1,45
DA:116,45
BRDA:116,10,0,1
BRDA:116,10,1,44
DA:117,44
DA:118,44
BRDA:118,11,0,1
BRDA:118,11,1,43
DA:121,43
DA:122,43
DA:124,43
DA:133,3
FN:133,Facts.claim
FNDA:3,Facts.claim
DA:134,3
BRDA:134,12,0,1
BRDA:134,12,1,2
DA:136,2
DA:138,2
DA:148,3
FN:148,Facts.redeem
FNDA:3,Facts.redeem
DA:149,3
DA:150,3
BRDA:150,13,0,1
BRDA:150,13,1,2
DA:152,2
DA:153,2
BRDA:153,14,0,1
BRDA:153,14,1,1
DA:155,1
DA:157,1
BRDA:157,15,0,-
DA:158,0
DA:161,1
DA:162,1
DA:168,83
FN:168,Facts.deposit
FNDA:83,Facts.deposit
DA:169,83
DA:171,83
DA:176,0
FN:176,Facts.reset
FNDA:0,Facts.reset
DA:177,0
DA:178,0
DA:179,0
BRDA:179,16,0,-
BRDA:179,17,0,-
BRDA:179,17,1,-
DA:181,0
DA:182,0
BRDA:182,18,0,-
BRDA:182,18,1,-
DA:184,0
BRDA:184,19,0,-
BRDA:184,19,1,-
DA:185,0
BRDA:185,20,0,-
DA:187,0
DA:188,0
DA:195,2
FN:195,Facts.withdraw
FNDA:2,Facts.withdraw
DA:197,2
BRDA:197,21,0,1
BRDA:197,21,1,1
DA:199,1
DA:200,1
DA:201,1
DA:203,1
DA:213,11
FN:213,Facts.challenge
FNDA:11,Facts.challenge
DA:214,11
BRDA:214,22,0,1
BRDA:214,22,1,10
DA:215,10
BRDA:215,23,0,1
BRDA:215,23,1,9
DA:216,9
DA:217,9
BRDA:217,24,0,-
BRDA:217,24,1,9
DA:221,9
DA:222,9
BRDA:222,25,0,-
BRDA:222,25,1,9
DA:227,9
BRDA:227,26,0,-
BRDA:227,26,1,9
DA:230,9
DA:232,9
DA:233,9
DA:234,9
DA:238,9
DA:245,21
FN:245,Facts.settle
FNDA:21,Facts.settle
DA:246,21
DA:247,21
BRDA:247,27,0,1
BRDA:247,27,1,20
DA:249,20
DA:251,20
BRDA:251,28,0,-
BRDA:251,28,1,11
DA:252,0
BRDA:252,29,0,-
BRDA:252,29,1,-
DA:254,0
DA:256,0
DA:260,20
BRDA:260,30,0,8
BRDA:260,30,1,11
DA:262,8
BRDA:262,31,0,-
BRDA:262,31,1,8
DA:263,8
BRDA:263,32,0,-
BRDA:263,32,1,8
DA:265,8
DA:266,12
BRDA:266,33,0,11
BRDA:266,33,1,11
DA:268,11
BRDA:268,34,0,-
BRDA:268,34,1,11
DA:270,11
DA:272,1
DA:280,5
FN:280,Facts.overrideSettlement
FNDA:5,Facts.overrideSettlement
DA:281,5
BRDA:281,35,0,1
BRDA:281,35,1,4
DA:283,4
DA:284,4
BRDA:284,36,0,1
BRDA:284,36,1,3
DA:286,3
BRDA:286,37,0,1
BRDA:286,37,1,2
DA:289,2
DA:290,2
DA:292,2
DA:294,2
DA:295,2
DA:297,2
DA:302,4
FN:302,Facts.finalize
FNDA:4,Facts.finalize
DA:303,4
DA:304,4
BRDA:304,38,0,1
BRDA:304,38,1,3
DA:305,3
BRDA:305,39,0,1
BRDA:305,39,1,2
DA:307,2
DA:310,1
BRDA:310,40,0,1
BRDA:310,40,1,1
DA:311,1
DA:312,1
BRDA:312,41,0,1
DA:315,1
DA:318,2
DA:327,0
FN:327,Facts.claimPlatformFee
FNDA:0,Facts.claimPlatformFee
DA:328,0
BRDA:328,42,0,-
BRDA:328,42,1,-
DA:329,0
DA:331,0
DA:337,2
FN:337,Facts.setSystemConfig
FNDA:2,Facts.setSystemConfig
DA:338,2
BRDA:338,43,0,1
BRDA:338,43,1,1
DA:345,1
DA:351,2
FN:351,Facts.setDistributionConfig
FNDA:2,Facts.setDistributionConfig
DA:352,2
BRDA:352,44,0,1
BRDA:352,44,1,1
DA:354,1
DA:360,3
FN:360,Facts.setChallengeConfig
FNDA:3,Facts.setChallengeConfig
DA:361,3
BRDA:361,45,0,2
BRDA:361,45,1,1
DA:369,1
DA:375,8
FN:375,Facts._settleByDAO
FNDA:8,Facts._settleByDAO
DA:378,8
DA:379,8
DA:381,8
BRDA:381,46,0,8
BRDA:381,46,1,-
DA:382,8
DA:383,8
DA:384,8
DA:387,8
DA:388,8
DA:391,0
DA:394,8
DA:397,11
FN:397,Facts._settleByUser
FNDA:11,Facts._settleByUser
DA:398,11
DA:399,11
DA:400,11
DA:402,11
DA:404,11
DA:408,11
DA:409,11
DA:411,11
DA:412,11
DA:415,1
FN:415,Facts._slashDAOToProtocol
FNDA:1,Facts._slashDAOToProtocol
DA:416,1
DA:417,1
DA:418,1
DA:420,1
DA:423,1
FN:423,Facts._slashHunterToChallenger
FNDA:1,Facts._slashHunterToChallenger
DA:424,1
DA:425,1
DA:427,1
DA:428,1
DA:430,1
DA:431,1
DA:434,2
FN:434,Facts._claimBounty
FNDA:2,Facts._claimBounty
DA:435,2
DA:436,2
DA:437,1
BRDA:437,47,0,1
BRDA:437,47,1,1
DA:438,1
DA:439,1
DA:441,1
DA:443,1
BRDA:443,48,0,1
DA:444,1
DA:445,1
DA:448,2
DA:451,2
FN:451,Facts._transferBounty
FNDA:2,Facts._transferBounty
DA:452,2
DA:454,2
BRDA:454,50,0,2
BRDA:454,50,1,-
DA:455,2
DA:457,0
DA:461,0
FN:461,Facts._isValidAnsFormat
FNDA:0,Facts._isValidAnsFormat
DA:463,315
BRDA:463,51,0,315
DA:464,315
DA:468,0
BRDA:468,52,0,-
DA:469,0
DA:472,0
DA:475,0
FN:475,Facts._isDuplicateAnswer
FNDA:0,Facts._isDuplicateAnswer
DA:480,0
DA:482,0
DA:486,0
FN:486,Facts._claimPlatformFee
FNDA:0,Facts._claimPlatformFee
DA:487,0
DA:488,0
DA:490,0
DA:491,0
BRDA:491,53,0,-
BRDA:491,53,1,-
DA:493,0
DA:494,0
DA:495,0
DA:497,0
DA:501,0
BRDA:501,54,0,-
BRDA:501,54,1,-
DA:502,0
DA:504,0
DA:507,0
DA:516,1
FN:516,Facts.getAnswers
FNDA:1,Facts.getAnswers
DA:517,1
DA:526,3
FN:526,Facts.getAnswer
FNDA:3,Facts.getAnswer
DA:531,3
DA:540,1
FN:540,Facts.getNumOfQuestions
FNDA:1,Facts.getNumOfQuestions
DA:541,1
DA:547,1
FN:547,Facts.getNumOfAnswers
FNDA:1,Facts.getNumOfAnswers
DA:548,1
DA:554,2
FN:554,Facts.getUserEngagingQIds
FNDA:2,Facts.getUserEngagingQIds
DA:555,2
DA:565,5
FN:565,Facts.getUserQuestionResult
FNDA:5,Facts.getUserQuestionResult
DA:570,5
DA:571,5
DA:577,1
FN:577,Facts.getMostVouchedAnsId
FNDA:1,Facts.getMostVouchedAnsId
DA:578,30
DA:579,30
BRDA:579,55,0,-
DA:580,0
DA:584,30
BRDA:584,56,0,2
DA:585,2
DA:588,28
DA:589,28
DA:591,36
BRDA:591,57,0,27
DA:593,27
BRDA:593,58,0,-
BRDA:593,58,1,-
DA:594,0
DA:595,0
DA:596,27
BRDA:596,59,0,-
DA:597,0
DA:598,0
DA:610,2
FN:610,Facts.calcVouchedClaimable
FNDA:2,Facts.calcVouchedClaimable
DA:616,3
DA:618,3
DA:619,3
DA:626,1
FN:626,Facts.calcSlashAmount
FNDA:1,Facts.calcSlashAmount
DA:627,3
DA:633,1
FN:633,Facts.isHunter
FNDA:1,Facts.isHunter
DA:634,317
DA:640,1
FN:640,Facts.isDAO
FNDA:1,Facts.isDAO
DA:641,9
DA:647,1
FN:647,Facts.isWithinHuntPeriod
FNDA:1,Facts.isWithinHuntPeriod
DA:648,365
DA:649,365
DA:655,1
FN:655,Facts.isWithinChallengePeriod
FNDA:1,Facts.isWithinChallengePeriod
DA:656,12
DA:657,12
DA:658,11
DA:664,1
FN:664,Facts.isWithinSettlePeriod
FNDA:1,Facts.isWithinSettlePeriod
DA:665,9
DA:666,9
DA:668,9
DA:669,9
DA:675,1
FN:675,Facts.isWithinReviewPeriod
FNDA:1,Facts.isWithinReviewPeriod
DA:676,5
DA:677,5
DA:679,5
DA:680,4
DA:681,4
DA:688,1
FN:688,Facts.afterHuntPeriod
FNDA:1,Facts.afterHuntPeriod
DA:689,1
DA:695,1
FN:695,Facts.afterChallengePeriod
FNDA:1,Facts.afterChallengePeriod
DA:696,12
DA:697,12
DA:698,12
DA:704,1
FN:704,Facts.afterReviewPeriod
FNDA:1,Facts.afterReviewPeriod
DA:705,5
DA:706,5
DA:708,5
DA:709,5
FNF:44
FNH:39
LF:265
LH:219
BRF:107
BRH:75
end_of_record
TN:
SF:test/shared/BaseTest.sol
DA:16,3
FN:16,FactsHarness.getPlatformFees
FNDA:3,FactsHarness.getPlatformFees
DA:17,3
DA:34,63
FN:34,BaseTest.setUp
FNDA:63,BaseTest.setUp
DA:35,63
DA:36,63
DA:39,0
FN:39,BaseTest.createUsers
FNDA:0,BaseTest.createUsers
DA:40,63
DA:41,63
DA:42,63
DA:43,63
DA:44,63
DA:45,63
DA:46,63
DA:47,63
DA:48,63
DA:49,63
DA:52,0
FN:52,BaseTest.deploy
FNDA:0,BaseTest.deploy
DA:53,63
DA:76,63
DA:79,1
FN:79,BaseTest.asked
FNDA:1,BaseTest.asked
DA:80,1
DA:81,1
DA:82,1
DA:86,1
FN:86,BaseTest.askedAndSubmitted
FNDA:1,BaseTest.askedAndSubmitted
DA:87,1
DA:88,1
DA:89,1
DA:90,1
DA:94,1
FN:94,BaseTest.askedAndSubmittedAndVouched
FNDA:1,BaseTest.askedAndSubmittedAndVouched
DA:95,1
DA:99,1
FN:99,BaseTest.settleWithoutChallenge
FNDA:1,BaseTest.settleWithoutChallenge
DA:100,1
DA:101,1
DA:102,1
DA:106,1
FN:106,BaseTest.settleWithChallenge
FNDA:1,BaseTest.settleWithChallenge
DA:107,1
DA:108,1
DA:110,1
DA:112,1
DA:113,1
DA:114,1
DA:118,21
FN:118,BaseTest._askedAndSubmittedAndVouched
FNDA:21,BaseTest._askedAndSubmittedAndVouched
DA:119,21
DA:120,21
DA:121,21
DA:122,21
DA:124,21
DA:126,21
DA:128,21
DA:130,21
DA:133,50
FN:133,BaseTest._askBinaryQuestion
FNDA:50,BaseTest._askBinaryQuestion
DA:134,50
DA:135,50
DA:145,72
FN:145,BaseTest._becomeHunter
FNDA:72,BaseTest._becomeHunter
DA:146,72
DA:147,72
DA:150,9
FN:150,BaseTest._becomeDAO
FNDA:9,BaseTest._becomeDAO
DA:151,9
DA:154,58
FN:154,BaseTest._submit
FNDA:58,BaseTest._submit
DA:155,58
DA:156,58
DA:159,42
FN:159,BaseTest._vouch
FNDA:42,BaseTest._vouch
DA:160,42
DA:161,42
DA:164,10
FN:164,BaseTest._challenge
FNDA:10,BaseTest._challenge
DA:168,10
DA:169,10
DA:172,49
FN:172,BaseTest._warpToHuntPeriod
FNDA:49,BaseTest._warpToHuntPeriod
DA:173,49
DA:176,13
FN:176,BaseTest._warpToChallengePeriod
FNDA:13,BaseTest._warpToChallengePeriod
DA:177,13
DA:180,21
FN:180,BaseTest._warpToSettlePeriod
FNDA:21,BaseTest._warpToSettlePeriod
DA:181,21
DA:184,4
FN:184,BaseTest._warpToReviewPeriod
FNDA:4,BaseTest._warpToReviewPeriod
DA:185,4
DA:188,1
FN:188,BaseTest._warpToAfterHuntPeriod
FNDA:1,BaseTest._warpToAfterHuntPeriod
DA:189,1
DA:192,1
FN:192,BaseTest._warpToAfterChallengePeriod
FNDA:1,BaseTest._warpToAfterChallengePeriod
DA:193,1
DA:196,0
FN:196,BaseTest._warpToAfterSettlePeriod
FNDA:0,BaseTest._warpToAfterSettlePeriod
DA:197,0
DA:200,4
FN:200,BaseTest._warpToAfterReviewPeriod
FNDA:4,BaseTest._warpToAfterReviewPeriod
DA:201,4
FNF:24
FNH:21
LF:83
LH:79
BRF:0
BRH:0
end_of_record
