TN:
SF:script/Deploy.s.sol
DA:20,0
FN:20,DeployScript.setUp
FNDA:0,DeployScript.setUp
DA:22,0
FN:22,DeployScript.run
FNDA:0,DeployScript.run
DA:23,0
DA:25,0
BRDA:25,0,0,-
BRDA:25,0,1,-
DA:26,0
BRDA:26,1,0,-
BRDA:26,1,1,-
DA:28,0
DA:30,0
DA:32,0
DA:34,0
DA:36,0
DA:38,0
DA:48,0
DA:51,0
FN:51,DeployScript._getConfig
FNDA:0,DeployScript._getConfig
DA:52,0
DA:83,0
FN:83,DeployScript._toMarkdownLink
FNDA:0,DeployScript._toMarkdownLink
DA:88,0
FNF:4
FNH:0
LF:16
LH:0
BRF:4
BRH:0
end_of_record
TN:
SF:script/DeployTestnet.s.sol
DA:9,0
FN:9,DeployTestnetScript.setUp
FNDA:0,DeployTestnetScript.setUp
DA:10,0
DA:11,0
DA:12,0
FNF:1
FNH:0
LF:4
LH:0
BRF:0
BRH:0
end_of_record
TN:
SF:src/Facts.sol
DA:35,62
FN:35,Facts.constructor
FNDA:62,Facts.constructor
DA:36,62
DA:37,62
DA:38,62
DA:51,52
FN:51,Facts.ask
FNDA:52,Facts.ask
DA:59,52
BRDA:59,0,0,1
BRDA:59,0,1,51
DA:60,51
BRDA:60,1,0,1
BRDA:60,1,1,50
DA:61,50
BRDA:61,2,0,50
BRDA:61,2,1,-
DA:62,50
BRDA:62,3,0,1
BRDA:62,3,1,49
DA:64,0
DA:67,49
DA:87,49
DA:93,314
FN:93,Facts.submit
FNDA:314,Facts.submit
DA:94,314
DA:95,314
BRDA:95,4,0,1
BRDA:95,4,1,313
DA:96,313
BRDA:96,5,0,1
BRDA:96,5,1,312
DA:97,312
BRDA:97,6,0,1
BRDA:97,6,1,311
DA:101,311
DA:103,311
BRDA:103,7,0,1
BRDA:103,7,1,310
DA:105,310
DA:106,310
DA:110,310
DA:116,46
FN:116,Facts.vouch
FNDA:46,Facts.vouch
DA:117,46
BRDA:117,8,0,1
BRDA:117,8,1,45
DA:118,45
BRDA:118,9,0,1
BRDA:118,9,1,44
DA:119,44
BRDA:119,10,0,1
BRDA:119,10,1,43
DA:122,43
DA:123,43
DA:125,43
DA:132,3
FN:132,Facts.claim
FNDA:3,Facts.claim
DA:133,3
BRDA:133,11,0,1
BRDA:133,11,1,2
DA:135,2
DA:137,2
DA:147,3
FN:147,Facts.redeem
FNDA:3,Facts.redeem
DA:148,3
DA:149,3
BRDA:149,12,0,1
BRDA:149,12,1,2
DA:151,2
DA:152,2
BRDA:152,13,0,1
BRDA:152,13,1,1
DA:154,1
DA:156,1
BRDA:156,14,0,-
DA:157,0
DA:160,1
DA:161,1
DA:167,80
FN:167,Facts.deposit
FNDA:80,Facts.deposit
DA:168,80
DA:170,80
DA:175,0
FN:175,Facts.reset
FNDA:0,Facts.reset
DA:176,0
DA:177,0
DA:178,0
BRDA:178,15,0,-
BRDA:178,16,0,-
BRDA:178,16,1,-
DA:180,0
DA:181,0
BRDA:181,17,0,-
BRDA:181,17,1,-
DA:183,0
BRDA:183,18,0,-
BRDA:183,18,1,-
DA:184,0
BRDA:184,19,0,-
DA:186,0
DA:187,0
DA:194,2
FN:194,Facts.withdraw
FNDA:2,Facts.withdraw
DA:196,2
BRDA:196,20,0,1
BRDA:196,20,1,1
DA:198,1
DA:199,1
DA:200,1
DA:202,1
DA:212,11
FN:212,Facts.challenge
FNDA:11,Facts.challenge
DA:213,11
BRDA:213,21,0,1
BRDA:213,21,1,10
DA:214,10
BRDA:214,22,0,1
BRDA:214,22,1,9
DA:215,9
DA:216,9
BRDA:216,23,0,-
BRDA:216,23,1,9
DA:220,9
DA:221,9
BRDA:221,24,0,-
BRDA:221,24,1,9
DA:226,9
BRDA:226,25,0,-
BRDA:226,25,1,9
DA:229,9
DA:231,9
DA:232,9
DA:233,9
DA:237,9
DA:244,21
FN:244,Facts.settle
FNDA:21,Facts.settle
DA:245,21
DA:246,21
BRDA:246,26,0,1
BRDA:246,26,1,20
DA:248,20
DA:250,20
BRDA:250,27,0,-
BRDA:250,27,1,11
DA:251,0
BRDA:251,28,0,-
BRDA:251,28,1,-
DA:253,0
DA:255,0
DA:259,20
BRDA:259,29,0,8
BRDA:259,29,1,11
DA:261,8
BRDA:261,30,0,-
BRDA:261,30,1,8
DA:262,8
BRDA:262,31,0,-
BRDA:262,31,1,8
DA:264,8
DA:265,12
BRDA:265,32,0,11
BRDA:265,32,1,11
DA:267,11
BRDA:267,33,0,-
BRDA:267,33,1,11
DA:269,11
DA:271,1
DA:276,5
FN:276,Facts.overrideSettlement
FNDA:5,Facts.overrideSettlement
DA:277,5
BRDA:277,34,0,1
BRDA:277,34,1,4
DA:279,4
DA:280,4
BRDA:280,35,0,1
BRDA:280,35,1,3
DA:282,3
BRDA:282,36,0,1
BRDA:282,36,1,2
DA:285,2
DA:286,2
DA:288,2
DA:290,2
DA:291,2
DA:293,2
DA:297,4
FN:297,Facts.finalize
FNDA:4,Facts.finalize
DA:298,4
DA:299,4
BRDA:299,37,0,1
BRDA:299,37,1,3
DA:300,3
BRDA:300,38,0,1
BRDA:300,38,1,2
DA:302,2
DA:305,1
BRDA:305,39,0,1
BRDA:305,39,1,1
DA:306,1
DA:307,1
BRDA:307,40,0,1
DA:310,1
DA:313,2
DA:322,0
FN:322,Facts.claimPlatformFee
FNDA:0,Facts.claimPlatformFee
DA:323,0
BRDA:323,41,0,-
BRDA:323,41,1,-
DA:324,0
DA:326,0
DA:329,2
FN:329,Facts.setSystemConfig
FNDA:2,Facts.setSystemConfig
DA:330,2
BRDA:330,42,0,1
BRDA:330,42,1,1
DA:337,1
DA:340,2
FN:340,Facts.setDistributionConfig
FNDA:2,Facts.setDistributionConfig
DA:341,2
BRDA:341,43,0,1
BRDA:341,43,1,1
DA:346,1
DA:350,3
FN:350,Facts.setChallengeConfig
FNDA:3,Facts.setChallengeConfig
DA:351,3
BRDA:351,44,0,2
BRDA:351,44,1,1
DA:359,1
DA:365,8
FN:365,Facts._settleByDAO
FNDA:8,Facts._settleByDAO
DA:368,8
DA:369,8
DA:371,8
BRDA:371,45,0,8
BRDA:371,45,1,-
DA:372,8
DA:373,8
DA:374,8
DA:377,8
DA:378,8
DA:381,0
DA:384,8
DA:387,11
FN:387,Facts._settleByUser
FNDA:11,Facts._settleByUser
DA:388,11
DA:389,11
DA:390,11
DA:393,11
DA:394,11
DA:396,11
DA:398,11
DA:401,1
FN:401,Facts._slashDAOToProtocol
FNDA:1,Facts._slashDAOToProtocol
DA:402,1
DA:403,1
DA:404,1
DA:406,1
DA:409,1
FN:409,Facts._slashHunterToChallenger
FNDA:1,Facts._slashHunterToChallenger
DA:410,1
DA:411,1
DA:413,1
DA:414,1
DA:416,1
DA:417,1
DA:420,2
FN:420,Facts._claimBounty
FNDA:2,Facts._claimBounty
DA:421,2
DA:422,2
DA:423,1
BRDA:423,46,0,1
BRDA:423,46,1,1
DA:424,1
DA:425,1
DA:427,1
DA:429,1
BRDA:429,47,0,1
DA:430,1
DA:431,1
DA:434,2
DA:437,2
FN:437,Facts._transferBounty
FNDA:2,Facts._transferBounty
DA:438,2
DA:440,2
BRDA:440,49,0,2
BRDA:440,49,1,-
DA:441,2
DA:443,0
DA:447,0
FN:447,Facts._isValidAnswerFormat
FNDA:0,Facts._isValidAnswerFormat
DA:449,312
BRDA:449,50,0,312
DA:450,312
DA:454,0
BRDA:454,51,0,-
DA:455,0
DA:458,0
DA:461,0
FN:461,Facts._isDuplicateAnswer
FNDA:0,Facts._isDuplicateAnswer
DA:466,0
DA:468,0
DA:472,0
FN:472,Facts._claimPlatformFee
FNDA:0,Facts._claimPlatformFee
DA:473,0
DA:474,0
DA:476,0
DA:477,0
BRDA:477,52,0,-
BRDA:477,52,1,-
DA:479,0
DA:480,0
DA:481,0
DA:483,0
DA:487,0
BRDA:487,53,0,-
BRDA:487,53,1,-
DA:488,0
DA:490,0
DA:493,0
DA:499,1
FN:499,Facts.getAnswers
FNDA:1,Facts.getAnswers
DA:500,1
DA:503,3
FN:503,Facts.getAnswer
FNDA:3,Facts.getAnswer
DA:508,3
DA:515,1
FN:515,Facts.getNumOfQuestions
FNDA:1,Facts.getNumOfQuestions
DA:516,1
DA:519,1
FN:519,Facts.getNumOfAnswers
FNDA:1,Facts.getNumOfAnswers
DA:520,1
DA:523,2
FN:523,Facts.getUserEngagingQIds
FNDA:2,Facts.getUserEngagingQIds
DA:524,2
DA:527,5
FN:527,Facts.getUserQuestionResult
FNDA:5,Facts.getUserQuestionResult
DA:532,5
DA:533,5
DA:537,1
FN:537,Facts.getMostVouchedAnsId
FNDA:1,Facts.getMostVouchedAnsId
DA:538,30
DA:539,30
BRDA:539,54,0,-
DA:540,0
DA:544,30
BRDA:544,55,0,2
DA:545,2
DA:548,28
DA:549,28
DA:551,36
BRDA:551,56,0,27
DA:553,27
BRDA:553,57,0,-
BRDA:553,57,1,-
DA:554,0
DA:555,0
DA:556,27
BRDA:556,58,0,-
DA:557,0
DA:558,0
DA:564,2
FN:564,Facts.calcVouchedClaimable
FNDA:2,Facts.calcVouchedClaimable
DA:570,3
DA:572,3
DA:573,3
DA:576,1
FN:576,Facts.calcSlashAmount
FNDA:1,Facts.calcSlashAmount
DA:577,3
DA:580,1
FN:580,Facts.isHunter
FNDA:1,Facts.isHunter
DA:581,314
DA:584,1
FN:584,Facts.isDAO
FNDA:1,Facts.isDAO
DA:585,9
DA:588,1
FN:588,Facts.isWithinHuntPeriod
FNDA:1,Facts.isWithinHuntPeriod
DA:589,361
DA:590,361
DA:593,1
FN:593,Facts.isWithinChallengePeriod
FNDA:1,Facts.isWithinChallengePeriod
DA:594,12
DA:595,12
DA:596,11
DA:599,1
FN:599,Facts.isWithinSettlePeriod
FNDA:1,Facts.isWithinSettlePeriod
DA:600,9
DA:601,9
DA:603,9
DA:604,9
DA:607,1
FN:607,Facts.isWithinReviewPeriod
FNDA:1,Facts.isWithinReviewPeriod
DA:608,5
DA:609,5
DA:611,5
DA:612,4
DA:613,4
DA:617,1
FN:617,Facts.afterHuntPeriod
FNDA:1,Facts.afterHuntPeriod
DA:618,1
DA:621,1
FN:621,Facts.afterChallengePeriod
FNDA:1,Facts.afterChallengePeriod
DA:622,12
DA:623,12
DA:624,12
DA:627,1
FN:627,Facts.afterReviewPeriod
FNDA:1,Facts.afterReviewPeriod
DA:628,5
DA:629,5
DA:631,5
DA:632,5
FNF:44
FNH:39
LF:261
LH:215
BRF:105
BRH:73
end_of_record
TN:
SF:test/shared/BaseTest.sol
DA:16,3
FN:16,FactsHarness.getPlatformFees
FNDA:3,FactsHarness.getPlatformFees
DA:17,3
DA:34,62
FN:34,BaseTest.setUp
FNDA:62,BaseTest.setUp
DA:35,62
DA:36,62
DA:39,0
FN:39,BaseTest.createUsers
FNDA:0,BaseTest.createUsers
DA:40,62
DA:41,62
DA:42,62
DA:43,62
DA:44,62
DA:45,62
DA:46,62
DA:47,62
DA:48,62
DA:49,62
DA:52,0
FN:52,BaseTest.deploy
FNDA:0,BaseTest.deploy
DA:53,62
DA:77,62
DA:80,1
FN:80,BaseTest.asked
FNDA:1,BaseTest.asked
DA:81,1
DA:82,1
DA:83,1
DA:87,1
FN:87,BaseTest.askedAndSubmitted
FNDA:1,BaseTest.askedAndSubmitted
DA:88,1
DA:89,1
DA:90,1
DA:91,1
DA:95,1
FN:95,BaseTest.askedAndSubmittedAndVouched
FNDA:1,BaseTest.askedAndSubmittedAndVouched
DA:96,1
DA:100,1
FN:100,BaseTest.settleWithoutChallenge
FNDA:1,BaseTest.settleWithoutChallenge
DA:101,1
DA:102,1
DA:103,1
DA:107,1
FN:107,BaseTest.settleWithChallenge
FNDA:1,BaseTest.settleWithChallenge
DA:108,1
DA:109,1
DA:111,1
DA:113,1
DA:114,1
DA:115,1
DA:119,21
FN:119,BaseTest._askedAndSubmittedAndVouched
FNDA:21,BaseTest._askedAndSubmittedAndVouched
DA:120,21
DA:121,21
DA:122,21
DA:123,21
DA:125,21
DA:127,21
DA:129,21
DA:131,21
DA:134,49
FN:134,BaseTest._askBinaryQuestion
FNDA:49,BaseTest._askBinaryQuestion
DA:135,49
DA:136,49
DA:146,69
FN:146,BaseTest._becomeHunter
FNDA:69,BaseTest._becomeHunter
DA:147,69
DA:148,69
DA:151,9
FN:151,BaseTest._becomeDAO
FNDA:9,BaseTest._becomeDAO
DA:152,9
DA:155,55
FN:155,BaseTest._submit
FNDA:55,BaseTest._submit
DA:156,55
DA:157,55
DA:160,42
FN:160,BaseTest._vouch
FNDA:42,BaseTest._vouch
DA:161,42
DA:162,42
DA:165,10
FN:165,BaseTest._challenge
FNDA:10,BaseTest._challenge
DA:169,10
DA:170,10
DA:173,48
FN:173,BaseTest._warpToHuntPeriod
FNDA:48,BaseTest._warpToHuntPeriod
DA:174,48
DA:177,13
FN:177,BaseTest._warpToChallengePeriod
FNDA:13,BaseTest._warpToChallengePeriod
DA:178,13
DA:181,21
FN:181,BaseTest._warpToSettlePeriod
FNDA:21,BaseTest._warpToSettlePeriod
DA:182,21
DA:185,4
FN:185,BaseTest._warpToReviewPeriod
FNDA:4,BaseTest._warpToReviewPeriod
DA:186,4
DA:189,1
FN:189,BaseTest._warpToAfterHuntPeriod
FNDA:1,BaseTest._warpToAfterHuntPeriod
DA:190,1
DA:193,1
FN:193,BaseTest._warpToAfterChallengePeriod
FNDA:1,BaseTest._warpToAfterChallengePeriod
DA:194,1
DA:197,0
FN:197,BaseTest._warpToAfterSettlePeriod
FNDA:0,BaseTest._warpToAfterSettlePeriod
DA:198,0
DA:201,4
FN:201,BaseTest._warpToAfterReviewPeriod
FNDA:4,BaseTest._warpToAfterReviewPeriod
DA:202,4
FNF:24
FNH:21
LF:83
LH:79
BRF:0
BRH:0
end_of_record
